<?xml version="1.0" encoding="UTF-8"?>
<robot generator="Robot 7.0.1 (Python 3.13.3 on win32)" generated="2026-02-04T16:42:46.963334" rpa="false" schemaversion="5">
<suite id="s1" name="Khoa2" source="e:\Backupwin11\Launch-auto\TESTS\Khoa2.robot">
<test id="s1-t1" name="Portal Join Meeting Test" line="43">
<kw name="Create Web Client" owner="Libraries.web_client_library.WebClientLibrary">
<msg time="2026-02-04T16:42:47.229618" level="INFO">https://aawgfed-kvm.hcm.com/portal/tenants/default/</msg>
<msg time="2026-02-04T16:42:47.231911" level="INFO">Start function _setup_chrome</msg>
<msg time="2026-02-04T16:42:47.232622" level="INFO">Setting up chrome driver</msg>
<msg time="2026-02-04T16:42:47.232838" level="INFO">Using local chrome driver at C:\Auto_Browsers\chromedriver.exe</msg>
<msg time="2026-02-04T16:42:48.807750" level="INFO">chrome driver setup successfully</msg>
<msg time="2026-02-04T16:42:48.808417" level="INFO">Navigating to URL: https://aawgfed-kvm.hcm.com/portal/tenants/default/</msg>
<msg time="2026-02-04T16:42:49.716340" level="INFO">Web Client created successfully</msg>
<arg>${BROWSER}</arg>
<arg>${CLIENT}</arg>
<arg>${NONE}</arg>
<arg>${PORTAL}</arg>
<doc>Create Web_Clients instance and store it internally.</doc>
<status status="PASS" start="2026-02-04T16:42:47.155783" elapsed="2.561077"/>
</kw>
<kw name="Call Web Client Method" owner="Libraries.web_client_library.WebClientLibrary">
<msg time="2026-02-04T16:42:49.865161" level="INFO">Client IP: 10.128.224.115, Port: 4444, Function: sign_in_portal</msg>
<msg time="2026-02-04T16:42:49.865566" level="INFO">Start function sign_in_portal</msg>
<msg time="2026-02-04T16:42:49.896467" level="INFO">Element visible: //span[contains(text(),'Sign in')]</msg>
<msg time="2026-02-04T16:42:49.897386" level="INFO">Verified on text sign in</msg>
<msg time="2026-02-04T16:42:50.050024" level="INFO">Attempting to sign in</msg>
<msg time="2026-02-04T16:42:50.087495" level="INFO">URL: https://aawgfed-kvm.hcm.com/portal/tenants/default/</msg>
<msg time="2026-02-04T16:42:50.087812" level="INFO">Waiting for element to be clickable: login</msg>
<msg time="2026-02-04T16:42:50.139039" level="INFO">Element CLICKABLE: login</msg>
<msg time="2026-02-04T16:42:50.283536" level="INFO">Entered click and clear info</msg>
<msg time="2026-02-04T16:42:50.335345" level="INFO">Entered username: khoa</msg>
<msg time="2026-02-04T16:42:50.335973" level="INFO">Waiting for element to be clickable: password</msg>
<msg time="2026-02-04T16:42:50.363854" level="INFO">Element CLICKABLE: password</msg>
<msg time="2026-02-04T16:42:50.509079" level="INFO">Entered password</msg>
<msg time="2026-02-04T16:42:50.579910" level="INFO">Clicked Sign in button</msg>
<msg time="2026-02-04T16:42:55.638772" level="INFO">Clicked user avatar button</msg>
<msg time="2026-02-04T16:42:55.661355" level="INFO">Element visible: //button[contains(text(),'Sign out')]</msg>
<msg time="2026-02-04T16:42:55.661877" level="INFO">Successfully signed in - sign out button detected</msg>
<msg time="2026-02-04T16:42:55.712998" level="INFO">Navigated back to the iView dashboard</msg>
<msg time="2026-02-04T16:42:55.713376" level="INFO">Verify sign_in_portal</msg>
<msg time="2026-02-04T16:42:57.714001" level="INFO">Method 'sign_in_portal' executed successfully</msg>
<arg>sign_in_portal</arg>
<doc>Examples:
Call Web Client Method    sign_in
Call Web Client Method    open_settings</doc>
<status status="PASS" start="2026-02-04T16:42:49.718156" elapsed="7.996117"/>
</kw>
<kw name="Call Web Client Method" owner="Libraries.web_client_library.WebClientLibrary">
<msg time="2026-02-04T16:42:57.715234" level="INFO">Getting user name from Meet Now page</msg>
<msg time="2026-02-04T16:42:57.715450" level="INFO">Waiting for element visible: User name text</msg>
<msg time="2026-02-04T16:42:57.729881" level="INFO">Element FOUND: User name text</msg>
<msg time="2026-02-04T16:42:57.739011" level="INFO">Display name: khoa</msg>
<msg time="2026-02-04T16:42:57.739306" level="INFO">Sign_in_portal successfully</msg>
<msg time="2026-02-04T16:42:57.739474" level="INFO">Method 'verify_sign_in_portal' executed successfully</msg>
<arg>verify_sign_in_portal</arg>
<arg>${USERPORTAL}</arg>
<doc>Examples:
Call Web Client Method    sign_in
Call Web Client Method    open_settings</doc>
<status status="PASS" start="2026-02-04T16:42:57.714929" elapsed="0.024668"/>
</kw>
<kw name="Call Web Client Method" owner="Libraries.web_client_library.WebClientLibrary">
<msg time="2026-02-04T16:42:57.741735" level="INFO">Client IP: 10.128.224.115, Port: 4444, Function: join_meeting</msg>
<msg time="2026-02-04T16:42:57.742001" level="INFO">Start function join_meeting</msg>
<msg time="2026-02-04T16:42:57.742188" level="INFO">Entering meeting ID: 5501509</msg>
<msg time="2026-02-04T16:42:57.742366" level="INFO">Attempting to enter meeting ID</msg>
<msg time="2026-02-04T16:42:57.742544" level="INFO">Waiting for element to be clickable: //input[contains(@formcontrolname, 'meetingId')]</msg>
<msg time="2026-02-04T16:42:57.762378" level="INFO">Element CLICKABLE: //input[contains(@formcontrolname, 'meetingId')]</msg>
<msg time="2026-02-04T16:42:57.824777" level="INFO">Entered meeting ID: 5501509</msg>
<msg time="2026-02-04T16:42:57.825317" level="INFO">Clicking join meeting button...</msg>
<msg time="2026-02-04T16:42:57.878545" level="INFO">Clicked Join Meeting button successfully</msg>
<msg time="2026-02-04T16:42:58.532568" level="INFO">Waiting for conference window to open...</msg>
<msg time="2026-02-04T16:42:58.534347" level="INFO">Original portal window: 4F475D6F993079434F380EDB63EF2222</msg>
<msg time="2026-02-04T16:42:58.538764" level="INFO">Conference window: A4E9A10970E279A26C48A43F2D7E646D</msg>
<msg time="2026-02-04T16:42:58.539327" level="INFO">Switching to conference window: A4E9A10970E279A26C48A43F2D7E646D</msg>
<msg time="2026-02-04T16:42:58.544795" level="INFO">Successfully focused on conference window</msg>
<msg time="2026-02-04T16:42:58.545393" level="INFO">join_meeting successfully</msg>
<msg time="2026-02-04T16:42:58.545651" level="INFO">Method 'join_meeting' executed successfully</msg>
<arg>join_meeting</arg>
<arg>${MEETINGID}</arg>
<doc>Examples:
Call Web Client Method    sign_in
Call Web Client Method    open_settings</doc>
<status status="PASS" start="2026-02-04T16:42:57.740023" elapsed="0.805814"/>
</kw>
<kw name="Sleep" owner="BuiltIn">
<msg time="2026-02-04T16:43:08.547529" level="INFO">Slept 10 seconds.</msg>
<arg>10s</arg>
<doc>Pauses the test executed for the given time.</doc>
<status status="PASS" start="2026-02-04T16:42:58.546547" elapsed="10.001277"/>
</kw>
<kw name="Call Web Client Method" owner="Libraries.web_client_library.WebClientLibrary">
<msg time="2026-02-04T16:43:08.550883" level="INFO">Client IP: 10.128.224.115, Port: 4444, Function: verify_in_meeting</msg>
<msg time="2026-02-04T16:43:08.551319" level="INFO">Start verify_in_meeting</msg>
<msg time="2026-02-04T16:43:08.551575" level="INFO">Waiting for participant 'khoa' (0s)</msg>
<msg time="2026-02-04T16:43:08.551797" level="INFO">Waiting for participant 'khoa' (0s)</msg>
<msg time="2026-02-04T16:43:08.554352" level="INFO">Client IP: 10.128.224.115, Port: 4444, Function: handle_unblock_popup</msg>
<msg time="2026-02-04T16:43:08.555075" level="INFO">Handle unblock popup</msg>
<msg time="2026-02-04T16:43:13.683137" level="INFO">Close popup microphone button clicked</msg>
<msg time="2026-02-04T16:43:18.744924" level="INFO">Close popup video button clicked</msg>
<msg time="2026-02-04T16:43:18.745891" level="INFO">Handle unblock popup successfully</msg>
<msg time="2026-02-04T16:43:18.746222" level="INFO">Popup handled, will not retry</msg>
<msg time="2026-02-04T16:43:18.746523" level="INFO">Searching for participant: khoa</msg>
<msg time="2026-02-04T16:43:18.782089" level="INFO">Total participants found: 1</msg>
<msg time="2026-02-04T16:43:18.797577" level="INFO">Checking participant UI name: 'khoa'</msg>
<msg time="2026-02-04T16:43:18.797990" level="INFO">Participant 'khoa' found in roster list.</msg>
<msg time="2026-02-04T16:43:18.798247" level="INFO">Participant 'khoa' found in roster list. khoa joined meeting successfully</msg>
<msg time="2026-02-04T16:43:18.798787" level="INFO">Method 'verify_in_meeting' executed successfully</msg>
<arg>verify_in_meeting</arg>
<arg>${USERPORTAL}</arg>
<doc>Examples:
Call Web Client Method    sign_in
Call Web Client Method    open_settings</doc>
<status status="PASS" start="2026-02-04T16:43:08.548335" elapsed="10.250718"/>
</kw>
<kw name="Call Web Client Method" owner="Libraries.web_client_library.WebClientLibrary">
<msg time="2026-02-04T16:43:18.801775" level="INFO">Client IP: 10.128.224.115, Port: 4444, Function: terminate_meeting</msg>
<msg time="2026-02-04T16:43:18.802205" level="INFO">Start function terminate_meeting</msg>
<msg time="2026-02-04T16:43:18.956335" level="INFO">Meeting controls button clicked</msg>
<msg time="2026-02-04T16:43:24.088323" level="INFO">Terminate meeting button clicked</msg>
<msg time="2026-02-04T16:43:24.254094" level="INFO">Submit button clicked</msg>
<msg time="2026-02-04T16:43:29.254953" level="INFO">Terminate_meeting successfuly</msg>
<msg time="2026-02-04T16:43:29.255347" level="INFO">Closing conference window</msg>
<msg time="2026-02-04T16:43:29.318417" level="INFO">Closed window: A4E9A10970E279A26C48A43F2D7E646D</msg>
<msg time="2026-02-04T16:43:29.321646" level="INFO">Switched back to original window: 4F475D6F993079434F380EDB63EF2222</msg>
<msg time="2026-02-04T16:43:29.321924" level="INFO">Method 'terminate_meeting' executed successfully</msg>
<arg>terminate_meeting</arg>
<doc>Examples:
Call Web Client Method    sign_in
Call Web Client Method    open_settings</doc>
<status status="PASS" start="2026-02-04T16:43:18.799717" elapsed="10.522356"/>
</kw>
<kw name="Call Web Client Method" owner="Libraries.web_client_library.WebClientLibrary">
<msg time="2026-02-04T16:43:29.324582" level="INFO">Client IP: 10.128.224.115, Port: 4444, Function: sign_out</msg>
<msg time="2026-02-04T16:43:29.325082" level="INFO">Start function sign_out_portal</msg>
<msg time="2026-02-04T16:43:29.368239" level="INFO">Element visible: //div[contains(@class,'avatar')]</msg>
<msg time="2026-02-04T16:43:29.368923" level="INFO">Verified on avatar user button</msg>
<msg time="2026-02-04T16:43:29.438277" level="INFO">Clicked avatar user button</msg>
<msg time="2026-02-04T16:43:30.036109" level="INFO">Element visible: //span[contains(text(),'Sign in')]</msg>
<msg time="2026-02-04T16:43:30.036420" level="INFO">Verified on sign in button</msg>
<msg time="2026-02-04T16:43:35.036822" level="INFO">Successfully signed out - sign out button detected</msg>
<msg time="2026-02-04T16:43:35.037105" level="INFO">Method 'sign_out' executed successfully</msg>
<arg>sign_out</arg>
<doc>Examples:
Call Web Client Method    sign_in
Call Web Client Method    open_settings</doc>
<status status="PASS" start="2026-02-04T16:43:29.322644" elapsed="5.714587"/>
</kw>
<kw name="Run Keyword If Test Failed" owner="BuiltIn" type="TEARDOWN">
<arg>Capture Page Screenshot</arg>
<doc>Runs the given keyword with the given arguments, if the test failed.</doc>
<status status="PASS" start="2026-02-04T16:43:35.037854" elapsed="0.000277"/>
</kw>
<doc>Sign in portal and join meeting successfully</doc>
<status status="PASS" start="2026-02-04T16:42:47.154784" elapsed="47.883989"/>
</test>
<kw name="Safe Quit Browser" owner="Libraries.web_client_library.WebClientLibrary" type="TEARDOWN">
<doc>ALWAYS safe to call in teardown</doc>
<status status="PASS" start="2026-02-04T16:43:37.671596" elapsed="0.000256"/>
</kw>
<status status="PASS" start="2026-02-04T16:42:46.968984" elapsed="50.702998"/>
</suite>
<statistics>
<total>
<stat pass="1" fail="0" skip="0">All Tests</stat>
</total>
<tag>
</tag>
<suite>
<stat pass="1" fail="0" skip="0" id="s1" name="Khoa2">Khoa2</stat>
</suite>
</statistics>
<errors>
</errors>
</robot>
